0 info it worked if it ends with ok
1 verbose cli [ '/usr/local/bin/node',
1 verbose cli   '/usr/local/bin/npm',
1 verbose cli   'run',
1 verbose cli   'start-telnet' ]
2 info using npm@3.10.10
3 info using node@v6.9.4
4 verbose run-script [ 'prestart-telnet', 'start-telnet', 'poststart-telnet' ]
5 info lifecycle motherBot@0.0.0~prestart-telnet: motherBot@0.0.0
6 silly lifecycle motherBot@0.0.0~prestart-telnet: no script for prestart-telnet, continuing
7 info lifecycle motherBot@0.0.0~start-telnet: motherBot@0.0.0
8 verbose lifecycle motherBot@0.0.0~start-telnet: unsafe-perm in lifecycle true
9 verbose lifecycle motherBot@0.0.0~start-telnet: PATH: /usr/local/lib/node_modules/npm/bin/node-gyp-bin:/Users/brinaldi/Documents/projects/muthurBot/node_modules/.bin:/usr/local/bin:/usr/local/bin:/usr/bin:/bin:/usr/sbin:/sbin:/Applications/netlify-git-api
10 verbose lifecycle motherBot@0.0.0~start-telnet: CWD: /Users/brinaldi/Documents/projects/muthurBot
11 silly lifecycle motherBot@0.0.0~start-telnet: Args: [ '-c', 'npm run build && node lib/server-telnet.js' ]
12 silly lifecycle motherBot@0.0.0~start-telnet: Returned: code: 1  signal: null
13 info lifecycle motherBot@0.0.0~start-telnet: Failed to exec start-telnet script
14 verbose stack Error: motherBot@0.0.0 start-telnet: `npm run build && node lib/server-telnet.js`
14 verbose stack Exit status 1
14 verbose stack     at EventEmitter.<anonymous> (/usr/local/lib/node_modules/npm/lib/utils/lifecycle.js:255:16)
14 verbose stack     at emitTwo (events.js:106:13)
14 verbose stack     at EventEmitter.emit (events.js:191:7)
14 verbose stack     at ChildProcess.<anonymous> (/usr/local/lib/node_modules/npm/lib/utils/spawn.js:40:14)
14 verbose stack     at emitTwo (events.js:106:13)
14 verbose stack     at ChildProcess.emit (events.js:191:7)
14 verbose stack     at maybeClose (internal/child_process.js:877:16)
14 verbose stack     at Process.ChildProcess._handle.onexit (internal/child_process.js:226:5)
15 verbose pkgid motherBot@0.0.0
16 verbose cwd /Users/brinaldi/Documents/projects/muthurBot
17 error Darwin 16.4.0
18 error argv "/usr/local/bin/node" "/usr/local/bin/npm" "run" "start-telnet"
19 error node v6.9.4
20 error npm  v3.10.10
21 error code ELIFECYCLE
22 error motherBot@0.0.0 start-telnet: `npm run build && node lib/server-telnet.js`
22 error Exit status 1
23 error Failed at the motherBot@0.0.0 start-telnet script 'npm run build && node lib/server-telnet.js'.
23 error Make sure you have the latest version of node.js and npm installed.
23 error If you do, this is most likely a problem with the motherBot package,
23 error not with npm itself.
23 error Tell the author that this fails on your system:
23 error     npm run build && node lib/server-telnet.js
23 error You can get information on how to open an issue for this project with:
23 error     npm bugs motherBot
23 error Or if that isn't available, you can get their info via:
23 error     npm owner ls motherBot
23 error There is likely additional logging output above.
24 verbose exit [ 1, true ]
